<?xml version="1.0" encoding="UTF-8"?>
<!-- Generated by org.testng.reporters.JUnitXMLReporter -->
<testsuite hostname="BORL90071" ignored="0" name="Test-firefox" tests="1" failures="0" timestamp="2020-04-14T15:17:28 AEST" time="69.948" errors="0">
  <testcase name="test" time="58.122" classname="WebAutomation.Assessment.App"/>
</testsuite> <!-- Test-firefox -->
